<?xml version="1.0" encoding="UTF-8"?>
<testsuite xmlns:xsi="http://www.w3.org/2001/XMLSchema-instance" xsi:noNamespaceSchemaLocation="https://maven.apache.org/surefire/maven-surefire-plugin/xsd/surefire-test-report.xsd" name="TestRunners.UberTestRegRunner" time="1.229" tests="2" errors="0" skipped="0" failures="0">
  <properties>
[...]
</properties>
  <testcase name="user registration with different data" classname="User Registration" time="0.067"/>
  <testcase name="user registration with different data with columns" classname="User Registration" time="0.01"/>
</testsuite>