<?xml version="1.0" encoding="UTF-8"?>
<testng-results skipped="0" failed="0" ignored="0" total="0" passed="0">
  <reporter-output>
  </reporter-output>
  <suite name="Cucumber6POMSeriesSuite" duration-ms="36" started-at="2021-07-25T02:23:57 IST" finished-at="2021-07-25T02:23:57 IST">
    <groups>
    </groups>
    <test name="Test" duration-ms="36" started-at="2021-07-25T02:23:57 IST" finished-at="2021-07-25T02:23:57 IST">
    </test> <!-- Test -->
  </suite> <!-- Cucumber6POMSeriesSuite -->
</testng-results>
